{"numFailedTestSuites":0,"numFailedTests":0,"numPassedTestSuites":1,"numPassedTests":4,"numPendingTestSuites":0,"numPendingTests":0,"numRuntimeErrorTestSuites":0,"numTodoTests":0,"numTotalTestSuites":1,"numTotalTests":4,"openHandles":[],"snapshot":{"added":0,"didUpdate":false,"failure":false,"filesAdded":0,"filesRemoved":0,"filesRemovedList":[],"filesUnmatched":0,"filesUpdated":0,"matched":0,"total":0,"unchecked":0,"uncheckedKeysByFile":[],"unmatched":0,"updated":0},"startTime":1711690352815,"success":true,"testResults":[{"assertionResults":[{"ancestorTitles":[],"duration":24,"failureDetails":[],"failureMessages":[],"fullName":"render a default button","invocations":1,"location":null,"numPassingAsserts":1,"retryReasons":[],"status":"passed","title":"render a default button"},{"ancestorTitles":[],"duration":29,"failureDetails":[],"failureMessages":[],"fullName":"disables the button when isDisabled prop is true","invocations":1,"location":null,"numPassingAsserts":1,"retryReasons":[],"status":"passed","title":"disables the button when isDisabled prop is true"},{"ancestorTitles":[],"duration":19,"failureDetails":[],"failureMessages":[],"fullName":"applies the correct css class for different variant","invocations":1,"location":null,"numPassingAsserts":2,"retryReasons":[],"status":"passed","title":"applies the correct css class for different variant"},{"ancestorTitles":[],"duration":28,"failureDetails":[],"failureMessages":[],"fullName":"show rendered button","invocations":1,"location":null,"numPassingAsserts":0,"retryReasons":[],"status":"passed","title":"show rendered button"}],"endTime":1711690354423,"message":"","name":"C:\\Users\\NoteBooK TANDIS\\Desktop\\darsman\\src\\app\\_component\\button\\button.test.tsx","startTime":1711690353432,"status":"passed","summary":""}],"wasInterrupted":false}
